\BOOKMARK [0][-]{chapter.1}{Introduction }{}% 1
\BOOKMARK [0][-]{chapter.2}{Basic Theory}{}% 2
\BOOKMARK [1][-]{section.2.1}{Statistical Learning Theory }{chapter.2}% 3
\BOOKMARK [1][-]{section.2.2}{Empirical Risk Minimization \(ERM\) }{chapter.2}% 4
\BOOKMARK [1][-]{section.2.3}{Consistency of Empirical Risk Minimization }{chapter.2}% 5
\BOOKMARK [1][-]{section.2.4}{Excess Losses }{chapter.2}% 6
\BOOKMARK [1][-]{section.2.5}{Rates from Concentration Inequalities }{chapter.2}% 7
\BOOKMARK [1][-]{section.2.6}{The PAC-Bayesian Model}{chapter.2}% 8
\BOOKMARK [2][-]{subsection.2.6.1}{PAC-Bayesian Inequalities }{section.2.6}% 9
\BOOKMARK [0][-]{chapter.3}{Toward Fast Rates }{}% 10
\BOOKMARK [1][-]{section.3.1}{Second PAC-Bayesian Inequality }{chapter.3}% 11
\BOOKMARK [1][-]{section.3.2}{Conditions for Faster Concentration }{chapter.3}% 12
\BOOKMARK [2][-]{subsection.3.2.1}{Bernstein's Condition }{section.3.2}% 13
\BOOKMARK [2][-]{subsection.3.2.2}{The Central Condition}{section.3.2}% 14
\BOOKMARK [2][-]{subsection.3.2.3}{The Witness Condition}{section.3.2}% 15
\BOOKMARK [1][-]{section.3.3}{Expected Excess Loss Bound }{chapter.3}% 16
\BOOKMARK [0][-]{chapter.4}{Relation Among Conditions }{}% 17
\BOOKMARK [1][-]{section.4.1}{Strong Central, Witness and Bernstein's Conditions }{chapter.4}% 18
\BOOKMARK [1][-]{section.4.2}{A New Condition and Vapnik's Condition }{chapter.4}% 19
\BOOKMARK [1][-]{section.4.3}{Slow Rates from the Witness Condition }{chapter.4}% 20
\BOOKMARK [0][-]{chapter.5}{Conclusion}{}% 21
\BOOKMARK [0][-]{Appendix.a.A}{Rates of Convergence in Probability}{}% 22
\BOOKMARK [0][-]{Appendix.a.B}{The Cram\351r-Chernoff Method }{}% 23
\BOOKMARK [1][-]{section.a.B.1}{Cumulant Generating Functions}{Appendix.a.B}% 24
\BOOKMARK [1][-]{section.a.B.2}{Cram\351r - Chernoff Tail Bounds}{Appendix.a.B}% 25
\BOOKMARK [1][-]{section.a.B.3}{Possible Rates Via The Cram\351r-Chernoff Method}{Appendix.a.B}% 26
\BOOKMARK [0][-]{Appendix.a.C}{Subgamma Random Variables and Bernstein's Inequality}{}% 27
\BOOKMARK [0][-]{Appendix.a.D}{Rates for Infinite Classes: Chaining }{}% 28
\BOOKMARK [0][-]{chapter*.3}{Popular Summary}{}% 29
