\BOOKMARK [0][-]{chapter.1}{Introduction}{}% 1
\BOOKMARK [0][-]{chapter.2}{Background}{}% 2
\BOOKMARK [1][-]{section.2.1}{Syntax}{chapter.2}% 3
\BOOKMARK [2][-]{subsection.2.1.1}{Constituents}{section.2.1}% 4
\BOOKMARK [2][-]{subsection.2.1.2}{Categories}{section.2.1}% 5
\BOOKMARK [2][-]{subsection.2.1.3}{Hierarchy}{section.2.1}% 6
\BOOKMARK [2][-]{subsection.2.1.4}{Controversy}{section.2.1}% 7
\BOOKMARK [1][-]{section.2.2}{Parsing}{chapter.2}% 8
\BOOKMARK [2][-]{subsection.2.2.1}{Treebank}{section.2.2}% 9
\BOOKMARK [2][-]{subsection.2.2.2}{Models}{section.2.2}% 10
\BOOKMARK [2][-]{subsection.2.2.3}{Metrics}{section.2.2}% 11
\BOOKMARK [1][-]{section.2.3}{Language models}{chapter.2}% 12
\BOOKMARK [2][-]{subsection.2.3.1}{Models}{section.2.3}% 13
\BOOKMARK [2][-]{subsection.2.3.2}{Data}{section.2.3}% 14
\BOOKMARK [2][-]{subsection.2.3.3}{Metrics}{section.2.3}% 15
\BOOKMARK [1][-]{section.2.4}{Neural networks}{chapter.2}% 16
\BOOKMARK [0][-]{chapter.3}{Recurrent Neural Network Grammars}{}% 17
\BOOKMARK [1][-]{section.3.1}{Model}{chapter.3}% 18
\BOOKMARK [2][-]{subsection.3.1.1}{Transition sytem}{section.3.1}% 19
\BOOKMARK [2][-]{subsection.3.1.2}{Model}{section.3.1}% 20
\BOOKMARK [1][-]{section.3.2}{Parametrization}{chapter.3}% 21
\BOOKMARK [2][-]{subsection.3.2.1}{Stack encoder}{section.3.2}% 22
\BOOKMARK [2][-]{subsection.3.2.2}{Composition function}{section.3.2}% 23
\BOOKMARK [1][-]{section.3.3}{Training}{chapter.3}% 24
\BOOKMARK [1][-]{section.3.4}{Inference}{chapter.3}% 25
\BOOKMARK [2][-]{subsection.3.4.1}{Discriminative model}{section.3.4}% 26
\BOOKMARK [2][-]{subsection.3.4.2}{Generative model}{section.3.4}% 27
\BOOKMARK [1][-]{section.3.5}{Experiments}{chapter.3}% 28
\BOOKMARK [2][-]{subsection.3.5.1}{Supervised models}{section.3.5}% 29
\BOOKMARK [2][-]{subsection.3.5.2}{Sampler}{section.3.5}% 30
\BOOKMARK [1][-]{section.3.6}{Related work}{chapter.3}% 31
\BOOKMARK [2][-]{subsection.3.6.1}{Generative parsing}{section.3.6}% 32
\BOOKMARK [2][-]{subsection.3.6.2}{Syntax}{section.3.6}% 33
\BOOKMARK [2][-]{subsection.3.6.3}{Cognition}{section.3.6}% 34
\BOOKMARK [0][-]{chapter.4}{Conditional Random Field parser}{}% 35
\BOOKMARK [1][-]{section.4.1}{Model}{chapter.4}% 36
\BOOKMARK [1][-]{section.4.2}{Parametrization}{chapter.4}% 37
\BOOKMARK [1][-]{section.4.3}{Inference}{chapter.4}% 38
\BOOKMARK [2][-]{subsection.4.3.1}{Weighted parse forest}{section.4.3}% 39
\BOOKMARK [2][-]{subsection.4.3.2}{Inside recursion}{section.4.3}% 40
\BOOKMARK [2][-]{subsection.4.3.3}{Outside recursion}{section.4.3}% 41
\BOOKMARK [2][-]{subsection.4.3.4}{Solutions}{section.4.3}% 42
\BOOKMARK [1][-]{section.4.4}{Traning}{chapter.4}% 43
\BOOKMARK [1][-]{section.4.5}{Experiments}{chapter.4}% 44
\BOOKMARK [2][-]{subsection.4.5.1}{Supervised model}{section.4.5}% 45
\BOOKMARK [2][-]{subsection.4.5.2}{Proposal model}{section.4.5}% 46
\BOOKMARK [2][-]{subsection.4.5.3}{Sampler}{section.4.5}% 47
\BOOKMARK [1][-]{section.4.6}{Related work}{chapter.4}% 48
\BOOKMARK [0][-]{chapter.5}{Syntactic evaluation}{}% 49
\BOOKMARK [1][-]{section.5.1}{Syntactic evaluation}{chapter.5}% 50
\BOOKMARK [1][-]{section.5.2}{Multitask learning}{chapter.5}% 51
\BOOKMARK [1][-]{section.5.3}{Experiments}{chapter.5}% 52
\BOOKMARK [2][-]{subsection.5.3.1}{Baselines}{section.5.3}% 53
\BOOKMARK [2][-]{subsection.5.3.2}{Setup}{section.5.3}% 54
\BOOKMARK [2][-]{subsection.5.3.3}{Results}{section.5.3}% 55
\BOOKMARK [0][-]{chapter.6}{Semisupervised learning}{}% 56
\BOOKMARK [1][-]{section.6.1}{Objective}{chapter.6}% 57
\BOOKMARK [1][-]{section.6.2}{Variational approximation}{chapter.6}% 58
\BOOKMARK [1][-]{section.6.3}{Optimization}{chapter.6}% 59
\BOOKMARK [1][-]{section.6.4}{Variance reduction}{chapter.6}% 60
\BOOKMARK [1][-]{section.6.5}{Experiments}{chapter.6}% 61
\BOOKMARK [1][-]{section.6.6}{Problems with CRF proposal}{chapter.6}% 62
\BOOKMARK [2][-]{subsection.6.6.1}{Unrestricted parse forest}{section.6.6}% 63
\BOOKMARK [2][-]{subsection.6.6.2}{Pruned parse forest}{section.6.6}% 64
\BOOKMARK [1][-]{section.6.7}{Related work}{chapter.6}% 65
\BOOKMARK [0][-]{chapter.7}{Conclusion}{}% 66
\BOOKMARK [1][-]{section.7.1}{Main contributions}{chapter.7}% 67
\BOOKMARK [1][-]{section.7.2}{Future work}{chapter.7}% 68
\BOOKMARK [0][-]{appendix.A}{Implementation}{}% 69
\BOOKMARK [1][-]{section.A.1}{Data}{appendix.A}% 70
\BOOKMARK [2][-]{subsection.A.1.1}{Datasets}{section.A.1}% 71
\BOOKMARK [2][-]{subsection.A.1.2}{Vocabularies}{section.A.1}% 72
\BOOKMARK [1][-]{section.A.2}{Implementation}{appendix.A}% 73
\BOOKMARK [0][-]{appendix.B}{Semiring parsing}{}% 74
\BOOKMARK [1][-]{section.B.1}{Hypergraph}{appendix.B}% 75
\BOOKMARK [1][-]{section.B.2}{Semiring}{appendix.B}% 76
\BOOKMARK [1][-]{section.B.3}{Semiring parsing}{appendix.B}% 77
\BOOKMARK [2][-]{subsection.B.3.1}{Inside and outside recursions}{section.B.3}% 78
\BOOKMARK [2][-]{subsection.B.3.2}{Instantiated recursions}{section.B.3}% 79
\BOOKMARK [0][-]{appendix.C}{Score function estimator}{}% 80
\BOOKMARK [1][-]{section.C.1}{Derivation}{appendix.C}% 81
\BOOKMARK [1][-]{section.C.2}{Optimization}{appendix.C}% 82
\BOOKMARK [1][-]{section.C.3}{Variance reduction}{appendix.C}% 83
\BOOKMARK [2][-]{subsection.C.3.1}{Variance}{section.C.3}% 84
\BOOKMARK [2][-]{subsection.C.3.2}{Control variates}{section.C.3}% 85
\BOOKMARK [0][-]{appendix.D}{Syneval dataset}{}% 86
