This is pdfTeX, Version 3.14159265-2.6-1.40.17 (TeX Live 2016) (preloaded format=pdflatex 2017.1.31)  18 JAN 2019 16:52
entering extended mode
 restricted \write18 enabled.
 %&-line parsing enabled.
**nowfnt-biblatex.sty
(./nowfnt-biblatex.sty
LaTeX2e <2016/03/31>
Babel <3.9r> and hyphenation patterns for 83 language(s) loaded.

LaTeX Warning: You have requested package `',
               but the package provides `nowfnt-biblatex'.

Package: nowfnt-biblatex 2018/01/30 v1.1 biblatex styling
! Undefined control sequence.
l.8 \ifdefstring
                \nowfnt@journalbibstyle{numeric}
The control sequence at the end of the top line
of your error message was never \def'ed. If you have
misspelled it (e.g., `\hobx'), type `I' and the correct
spelling (e.g., `I\hbox'). Otherwise just continue,
and I'll forget about whatever was undefined.

! Undefined control sequence.
l.8 \ifdefstring\nowfnt
                       @journalbibstyle{numeric}
The control sequence at the end of the top line
of your error message was never \def'ed. If you have
misspelled it (e.g., `\hobx'), type `I' and the correct
spelling (e.g., `I\hbox'). Otherwise just continue,
and I'll forget about whatever was undefined.


! LaTeX Error: Missing \begin{document}.

See the LaTeX manual or LaTeX Companion for explanation.
Type  H <return>  for immediate help.
 ...                                              
                                                  
l.8 \ifdefstring\nowfnt@
                        journalbibstyle{numeric}
You're in trouble here.  Try typing  <return>  to proceed.
If that doesn't work, type  X <return>  to quit.

Missing character: There is no @ in font nullfont!
Missing character: There is no j in font nullfont!
Missing character: There is no o in font nullfont!
Missing character: There is no u in font nullfont!
Missing character: There is no r in font nullfont!
Missing character: There is no n in font nullfont!
Missing character: There is no a in font nullfont!
Missing character: There is no l in font nullfont!
Missing character: There is no b in font nullfont!
Missing character: There is no i in font nullfont!
Missing character: There is no b in font nullfont!
Missing character: There is no s in font nullfont!
Missing character: There is no t in font nullfont!
Missing character: There is no y in font nullfont!
Missing character: There is no l in font nullfont!
Missing character: There is no e in font nullfont!
Missing character: There is no n in font nullfont!
Missing character: There is no u in font nullfont!
Missing character: There is no m in font nullfont!
Missing character: There is no e in font nullfont!
Missing character: There is no r in font nullfont!
Missing character: There is no i in font nullfont!
Missing character: There is no c in font nullfont!
! Undefined control sequence.
\reserved@b ...tyle=authoryear, citestyle=\nowfnt 
                                                  @journalcitestyle, dashed=...
l.15 
     
The control sequence at the end of the top line
of your error message was never \def'ed. If you have
misspelled it (e.g., `\hobx'), type `I' and the correct
spelling (e.g., `I\hbox'). Otherwise just continue,
and I'll forget about whatever was undefined.

(/usr/local/texlive/2016/texmf-dist/tex/latex/biblatex/biblatex.sty
Overfull \hbox (20.0pt too wide) in paragraph at lines 8--12
[]
 []

Package: biblatex 2016/05/14 v3.4 programmable bibliographies (PK/JW/AB)
(/usr/local/texlive/2016/texmf-dist/tex/generic/iftex/iftex.sty
Package: iftex 2013/04/04 v0.2 Provides if(tex) conditional for PDFTeX, XeTeX, 
and LuaTeX
)
(/usr/local/texlive/2016/texmf-dist/tex/generic/oberdiek/pdftexcmds.sty
Package: pdftexcmds 2016/05/10 v0.21 Utility functions of pdfTeX for LuaTeX (HO
)

(/usr/local/texlive/2016/texmf-dist/tex/generic/oberdiek/infwarerr.sty
Package: infwarerr 2016/05/16 v1.4 Providing info/warning/error messages (HO)
)
(/usr/local/texlive/2016/texmf-dist/tex/generic/oberdiek/ifluatex.sty
Package: ifluatex 2016/05/16 v1.4 Provides the ifluatex switch (HO)
Package ifluatex Info: LuaTeX not detected.
)
(/usr/local/texlive/2016/texmf-dist/tex/generic/oberdiek/ltxcmds.sty
Package: ltxcmds 2016/05/16 v1.23 LaTeX kernel commands for general use (HO)
)
(/usr/local/texlive/2016/texmf-dist/tex/generic/oberdiek/ifpdf.sty
Package: ifpdf 2016/05/14 v3.1 Provides the ifpdf switch
)
Package pdftexcmds Info: LuaTeX not detected.
Package pdftexcmds Info: \pdf@primitive is available.
Package pdftexcmds Info: \pdf@ifprimitive is available.
Package pdftexcmds Info: \pdfdraftmode found.
)
(/usr/local/texlive/2016/texmf-dist/tex/latex/etoolbox/etoolbox.sty
Package: etoolbox 2015/08/02 v2.2a e-TeX tools for LaTeX (JAW)
\etb@tempcnta=\count79
)
(/usr/local/texlive/2016/texmf-dist/tex/latex/graphics/keyval.sty
Package: keyval 2014/10/28 v1.15 key=value parser (DPC)
\KV@toks@=\toks14
)
(/usr/local/texlive/2016/texmf-dist/tex/latex/oberdiek/kvoptions.sty
Package: kvoptions 2016/05/16 v3.12 Key value format for package options (HO)

(/usr/local/texlive/2016/texmf-dist/tex/generic/oberdiek/kvsetkeys.sty
Package: kvsetkeys 2016/05/16 v1.17 Key value parser (HO)

(/usr/local/texlive/2016/texmf-dist/tex/generic/oberdiek/etexcmds.sty
Package: etexcmds 2016/05/16 v1.6 Avoid name clashes with e-TeX commands (HO)
Package etexcmds Info: Could not find \expanded.
(etexcmds)             That can mean that you are not using pdfTeX 1.50 or
(etexcmds)             that some package has redefined \expanded.
(etexcmds)             In the latter case, load this package earlier.
)))
(/usr/local/texlive/2016/texmf-dist/tex/latex/logreq/logreq.sty
Package: logreq 2010/08/04 v1.0 xml request logger
\lrq@indent=\count80

(/usr/local/texlive/2016/texmf-dist/tex/latex/logreq/logreq.def
File: logreq.def 2010/08/04 v1.0 logreq spec v1.0
))
(/usr/local/texlive/2016/texmf-dist/tex/latex/base/ifthen.sty
Package: ifthen 2014/09/29 v1.1c Standard LaTeX ifthen package (DPC)
)
(/usr/local/texlive/2016/texmf-dist/tex/latex/url/url.sty
\Urlmuskip=\muskip10
Package: url 2013/09/16  ver 3.4  Verb mode for urls, etc.
)
(/usr/local/texlive/2016/texmf-dist/tex/generic/xstring/xstring.sty
(/usr/local/texlive/2016/texmf-dist/tex/generic/xstring/xstring.tex
\@xs@message=\write3
\integerpart=\count81
\decimalpart=\count82
)
Package: xstring 2013/10/13  v1.7c  String manipulations (C Tellechea)
)
\c@tabx@nest=\count83
\c@listtotal=\count84
\c@listcount=\count85
\c@liststart=\count86
\c@liststop=\count87
\c@citecount=\count88
\c@citetotal=\count89
\c@multicitecount=\count90
\c@multicitetotal=\count91
\c@instcount=\count92
\c@maxnames=\count93
\c@minnames=\count94
\c@maxitems=\count95
\c@minitems=\count96
\c@citecounter=\count97
\c@savedcitecounter=\count98
\c@uniquelist=\count99
\c@uniquename=\count100
\c@refsection=\count101
\c@refsegment=\count102
\c@maxextratitle=\count103
\c@maxextratitleyear=\count104
\c@maxextrayear=\count105
\c@maxextraalpha=\count106
\c@abbrvpenalty=\count107
\c@highnamepenalty=\count108
\c@lownamepenalty=\count109
\c@maxparens=\count110
\c@parenlevel=\count111
\blx@tempcnta=\count112
\blx@tempcntb=\count113
\blx@tempcntc=\count114
\blx@maxsection=\count115
\blx@maxsegment@0=\count116
\blx@notetype=\count117
\blx@parenlevel@text=\count118
\blx@parenlevel@foot=\count119
\blx@sectionciteorder@0=\count120
\labelnumberwidth=\skip41
\labelalphawidth=\skip42
\biblabelsep=\skip43
\bibitemsep=\skip44
\bibnamesep=\skip45
\bibinitsep=\skip46
\bibparsep=\skip47
\bibhang=\skip48
\blx@bcfin=\read1
\blx@bcfout=\write4
\c@mincomprange=\count121
\c@maxcomprange=\count122
\c@mincompwidth=\count123
Package biblatex Info: Trying to load biblatex default data model...
Package biblatex Info: ... file 'blx-dm.def' found.

(/usr/local/texlive/2016/texmf-dist/tex/latex/biblatex/blx-dm.def)
Package biblatex Info: Trying to load biblatex style data model...
Package biblatex Info: ... file 'authoryear.dbx' not found.
Package biblatex Info: Trying to load biblatex custom data model...
Package biblatex Info: ... file 'biblatex-dm.cfg' not found.
\c@afterword=\count124
\c@savedafterword=\count125
\c@annotator=\count126
\c@savedannotator=\count127
\c@author=\count128
\c@savedauthor=\count129
\c@bookauthor=\count130
\c@savedbookauthor=\count131
\c@commentator=\count132
\c@savedcommentator=\count133
\c@editor=\count134
\c@savededitor=\count135
\c@editora=\count136
\c@savededitora=\count137
\c@editorb=\count138
\c@savededitorb=\count139
\c@editorc=\count140
\c@savededitorc=\count141
\c@foreword=\count142
\c@savedforeword=\count143
\c@holder=\count144
\c@savedholder=\count145
\c@introduction=\count146
\c@savedintroduction=\count147
\c@namea=\count148
\c@savednamea=\count149
\c@nameb=\count150
\c@savednameb=\count151
\c@namec=\count152
\c@savednamec=\count153
\c@translator=\count154
\c@savedtranslator=\count155
\c@shortauthor=\count156
\c@savedshortauthor=\count157
\c@shorteditor=\count158
\c@savedshorteditor=\count159
\c@labelname=\count160
\c@savedlabelname=\count161
\c@institution=\count162
\c@savedinstitution=\count163
\c@lista=\count164
\c@savedlista=\count165
\c@listb=\count166
\c@savedlistb=\count167
\c@listc=\count168
\c@savedlistc=\count169
\c@listd=\count170
\c@savedlistd=\count171
\c@liste=\count172
\c@savedliste=\count173
\c@listf=\count174
\c@savedlistf=\count175
\c@location=\count176
\c@savedlocation=\count177
\c@organization=\count178
\c@savedorganization=\count179
\c@origlocation=\count180
\c@savedoriglocation=\count181
\c@origpublisher=\count182
\c@savedorigpublisher=\count183
\c@publisher=\count184
\c@savedpublisher=\count185
\c@language=\count186
\c@savedlanguage=\count187
\c@pageref=\count188
\c@savedpageref=\count189
\shorthandwidth=\skip49
\shortjournalwidth=\skip50
\shortserieswidth=\skip51
\shorttitlewidth=\skip52
\shortauthorwidth=\skip53
\shorteditorwidth=\skip54
Package biblatex Info: Trying to load compatibility code...
Package biblatex Info: ... file 'blx-compat.def' found.

(/usr/local/texlive/2016/texmf-dist/tex/latex/biblatex/blx-compat.def
File: blx-compat.def 2016/05/14 v3.4 biblatex compatibility (PK/JW/AB)
)
Package biblatex Info: Trying to load generic definitions...
Package biblatex Info: ... file 'biblatex.def' found.

(/usr/local/texlive/2016/texmf-dist/tex/latex/biblatex/biblatex.def
File: biblatex.def 2016/05/14 v3.4 biblatex compatibility (PK/JW/AB)
\c@textcitecount=\count190
\c@textcitetotal=\count191
\c@textcitemaxnames=\count192
\c@biburlnumpenalty=\count193
\c@biburlucpenalty=\count194
\c@biburllcpenalty=\count195
\c@smartand=\count196
)
Package biblatex Info: Trying to load natbib compatibility...
Package biblatex Info: ... file 'blx-natbib.def' found.

(/usr/local/texlive/2016/texmf-dist/tex/latex/biblatex/blx-natbib.def
File: blx-natbib.def 2016/05/14 v3.4 biblatex compatibility (PK/JW/AB)
)
Package biblatex Info: Trying to load bibliography style 'authoryear'...
Package biblatex Info: ... file 'authoryear.bbx' found.

(/usr/local/texlive/2016/texmf-dist/tex/latex/biblatex/bbx/authoryear.bbx
File: authoryear.bbx 2016/05/14 v3.4 biblatex bibliography style (PK/JW/AB)
Package biblatex Info: Trying to load bibliography style 'standard'...
Package biblatex Info: ... file 'standard.bbx' found.

(/usr/local/texlive/2016/texmf-dist/tex/latex/biblatex/bbx/standard.bbx
File: standard.bbx 2016/05/14 v3.4 biblatex bibliography style (PK/JW/AB)
\c@bbx:relatedcount=\count197
\c@bbx:relatedtotal=\count198
))
Package biblatex Info: Trying to load citation style '@journalcitestyle'...
Package biblatex Info: ... file '@journalcitestyle.cbx' not found.


! Package biblatex Error: Style '@journalcitestyle' not found.

See the biblatex package documentation for explanation.
Type  H <return>  for immediate help.
 ...                                              
                                                  
l.11956 \RequireCitationStyle{\blx@cbxfile}
                                           
The citation style '@journalcitestyle' could not be found.

Package biblatex Info: Trying to load configuration file...
Package biblatex Info: ... file 'biblatex.cfg' found.
(/usr/local/texlive/2016/texmf-dist/tex/latex/biblatex/biblatex.cfg
File: biblatex.cfg 
)

Package biblatex Warning: 'firstinits' option is deprecated, use 'giveninits' i
nstead.

)

! LaTeX Error: Missing \begin{document}.

See the LaTeX manual or LaTeX Companion for explanation.
Type  H <return>  for immediate help.
 ...                                              
                                                  
l.22 \ifdefstring\nowfnt@jo
                           urnalbibstyle{numeric}
You're in trouble here.  Try typing  <return>  to proceed.
If that doesn't work, type  X <return>  to quit.

Missing character: There is no o in font nullfont!
Missing character: There is no u in font nullfont!
Missing character: There is no r in font nullfont!
Missing character: There is no n in font nullfont!
Missing character: There is no a in font nullfont!
Missing character: There is no l in font nullfont!
Missing character: There is no b in font nullfont!
Missing character: There is no i in font nullfont!
Missing character: There is no b in font nullfont!
Missing character: There is no s in font nullfont!
Missing character: There is no t in font nullfont!
Missing character: There is no y in font nullfont!
Missing character: There is no l in font nullfont!
Missing character: There is no e in font nullfont!
Missing character: There is no n in font nullfont!
Missing character: There is no u in font nullfont!
Missing character: There is no m in font nullfont!
Missing character: There is no e in font nullfont!
Missing character: There is no r in font nullfont!
Missing character: There is no i in font nullfont!
Missing character: There is no c in font nullfont!

Overfull \hbox (20.0pt too wide) in paragraph at lines 22--40
[]
 []


Package biblatex Warning: Macro 'date+extradate' undefined.
(biblatex)                Using \newbibmacro on input line 60.

)
! Emergency stop.
<*> nowfnt-biblatex.sty
                       
*** (job aborted, no legal \end found)

 
Here is how much of TeX's memory you used:
 5606 strings out of 493014
 99562 string characters out of 6133351
 301818 words of memory out of 5000000
 9161 multiletter control sequences out of 15000+600000
 3640 words of font info for 14 fonts, out of 8000000 for 9000
 1141 hyphenation exceptions out of 8191
 36i,0n,30p,804b,196s stack positions out of 5000i,500n,10000p,200000b,80000s
!  ==> Fatal error occurred, no output PDF file produced!
